{"C:\\source\\git\\react-forms\\src\\App.tsx": {"path":"C:\\source\\git\\react-forms\\src\\App.tsx","statementMap":{"0":{"start":{"line":13,"column":1},"end":{"line":29,"column":2}}},"fnMap":{"0":{"name":"App","decl":{"start":{"line":11,"column":9},"end":{"line":11,"column":12}},"loc":{"start":{"line":11,"column":15},"end":{"line":30,"column":1}},"line":11}},"branchMap":{},"s":{"0":1},"f":{"0":1},"b":{},"_coverageSchema":"1a1c01bbd47fc00a2c39e90264f33305004495a9","hash":"b5298cc320e629b44a1b893415a309da67e40a8f"}
,"C:\\source\\git\\react-forms\\src\\index.tsx": {"path":"C:\\source\\git\\react-forms\\src\\index.tsx","statementMap":{"0":{"start":{"line":7,"column":13},"end":{"line":9,"column":1}},"1":{"start":{"line":10,"column":0},"end":{"line":14,"column":1}},"2":{"start":{"line":19,"column":0},"end":{"line":19,"column":17}}},"fnMap":{},"branchMap":{},"s":{"0":0,"1":0,"2":0},"f":{},"b":{}}
,"C:\\source\\git\\react-forms\\src\\indexExports.ts": {"path":"C:\\source\\git\\react-forms\\src\\indexExports.ts","statementMap":{},"fnMap":{},"branchMap":{},"s":{},"f":{},"b":{}}
,"C:\\source\\git\\react-forms\\src\\reportWebVitals.ts": {"path":"C:\\source\\git\\react-forms\\src\\reportWebVitals.ts","statementMap":{"0":{"start":{"line":3,"column":24},"end":{"line":13,"column":1}},"1":{"start":{"line":4,"column":2},"end":{"line":12,"column":3}},"2":{"start":{"line":5,"column":4},"end":{"line":11,"column":7}},"3":{"start":{"line":6,"column":6},"end":{"line":6,"column":26}},"4":{"start":{"line":7,"column":6},"end":{"line":7,"column":26}},"5":{"start":{"line":8,"column":6},"end":{"line":8,"column":26}},"6":{"start":{"line":9,"column":6},"end":{"line":9,"column":26}},"7":{"start":{"line":10,"column":6},"end":{"line":10,"column":27}}},"fnMap":{"0":{"name":"(anonymous_0)","decl":{"start":{"line":3,"column":24},"end":{"line":3,"column":25}},"loc":{"start":{"line":3,"column":57},"end":{"line":13,"column":1}},"line":3},"1":{"name":"(anonymous_1)","decl":{"start":{"line":5,"column":30},"end":{"line":5,"column":31}},"loc":{"start":{"line":5,"column":79},"end":{"line":11,"column":5}},"line":5}},"branchMap":{"0":{"loc":{"start":{"line":4,"column":2},"end":{"line":12,"column":3}},"type":"if","locations":[{"start":{"line":4,"column":2},"end":{"line":12,"column":3}},{"start":{},"end":{}}],"line":4},"1":{"loc":{"start":{"line":4,"column":6},"end":{"line":4,"column":52}},"type":"binary-expr","locations":[{"start":{"line":4,"column":6},"end":{"line":4,"column":17}},{"start":{"line":4,"column":21},"end":{"line":4,"column":52}}],"line":4}},"s":{"0":0,"1":0,"2":0,"3":0,"4":0,"5":0,"6":0,"7":0},"f":{"0":0,"1":0},"b":{"0":[0,0],"1":[0,0]}}
,"C:\\source\\git\\react-forms\\src\\utilities.ts": {"path":"C:\\source\\git\\react-forms\\src\\utilities.ts","statementMap":{"0":{"start":{"line":1,"column":25},"end":{"line":4,"column":1}},"1":{"start":{"line":8,"column":34},"end":{"line":8,"column":100}},"2":{"start":{"line":8,"column":58},"end":{"line":8,"column":100}},"3":{"start":{"line":12,"column":1},"end":{"line":14,"column":3}},"4":{"start":{"line":13,"column":2},"end":{"line":13,"column":44}}},"fnMap":{"0":{"name":"(anonymous_0)","decl":{"start":{"line":8,"column":34},"end":{"line":8,"column":35}},"loc":{"start":{"line":8,"column":58},"end":{"line":8,"column":100}},"line":8},"1":{"name":"iterateObject","decl":{"start":{"line":11,"column":16},"end":{"line":11,"column":29}},"loc":{"start":{"line":11,"column":122},"end":{"line":15,"column":1}},"line":11},"2":{"name":"(anonymous_2)","decl":{"start":{"line":12,"column":29},"end":{"line":12,"column":30}},"loc":{"start":{"line":12,"column":45},"end":{"line":14,"column":2}},"line":12}},"branchMap":{"0":{"loc":{"start":{"line":8,"column":58},"end":{"line":8,"column":100}},"type":"binary-expr","locations":[{"start":{"line":8,"column":58},"end":{"line":8,"column":94}},{"start":{"line":8,"column":98},"end":{"line":8,"column":100}}],"line":8}},"s":{"0":2,"1":2,"2":10,"3":0,"4":0},"f":{"0":10,"1":0,"2":0},"b":{"0":[10,10]},"_coverageSchema":"1a1c01bbd47fc00a2c39e90264f33305004495a9","hash":"039de84ef78d9687005b4042cab0d2731b7965e2"}
,"C:\\source\\git\\react-forms\\src\\button\\Button.tsx": {"path":"C:\\source\\git\\react-forms\\src\\button\\Button.tsx","statementMap":{"0":{"start":{"line":17,"column":20},"end":{"line":17,"column":43}},"1":{"start":{"line":19,"column":19},"end":{"line":19,"column":69}},"2":{"start":{"line":21,"column":1},"end":{"line":23,"column":2}}},"fnMap":{"0":{"name":"Button","decl":{"start":{"line":16,"column":16},"end":{"line":16,"column":22}},"loc":{"start":{"line":16,"column":43},"end":{"line":24,"column":1}},"line":16}},"branchMap":{"0":{"loc":{"start":{"line":17,"column":20},"end":{"line":17,"column":43}},"type":"binary-expr","locations":[{"start":{"line":17,"column":20},"end":{"line":17,"column":30}},{"start":{"line":17,"column":34},"end":{"line":17,"column":43}}],"line":17}},"s":{"0":0,"1":0,"2":0},"f":{"0":0},"b":{"0":[0,0]},"_coverageSchema":"1a1c01bbd47fc00a2c39e90264f33305004495a9","hash":"a11ab71bea6dacd2a92a4312e4a033dd72f46e0b"}
,"C:\\source\\git\\react-forms\\src\\header\\Header.tsx": {"path":"C:\\source\\git\\react-forms\\src\\header\\Header.tsx","statementMap":{"0":{"start":{"line":11,"column":1},"end":{"line":19,"column":2}}},"fnMap":{"0":{"name":"Header","decl":{"start":{"line":10,"column":16},"end":{"line":10,"column":22}},"loc":{"start":{"line":10,"column":43},"end":{"line":20,"column":1}},"line":10}},"branchMap":{"0":{"loc":{"start":{"line":15,"column":39},"end":{"line":15,"column":59}},"type":"binary-expr","locations":[{"start":{"line":15,"column":39},"end":{"line":15,"column":53}},{"start":{"line":15,"column":57},"end":{"line":15,"column":59}}],"line":15}},"s":{"0":1},"f":{"0":1},"b":{"0":[1,0]},"_coverageSchema":"1a1c01bbd47fc00a2c39e90264f33305004495a9","hash":"bab16475a32aa3b859b22578610e89d8616dbe6d"}
,"C:\\source\\git\\react-forms\\src\\hooks\\FormBuilder.ts": {"path":"C:\\source\\git\\react-forms\\src\\hooks\\FormBuilder.ts","statementMap":{"0":{"start":{"line":29,"column":2},"end":{"line":29,"column":27}},"1":{"start":{"line":34,"column":2},"end":{"line":36,"column":47}},"2":{"start":{"line":34,"column":35},"end":{"line":34,"column":58}},"3":{"start":{"line":36,"column":7},"end":{"line":36,"column":47}},"4":{"start":{"line":41,"column":21},"end":{"line":41,"column":54}},"5":{"start":{"line":42,"column":20},"end":{"line":42,"column":52}},"6":{"start":{"line":44,"column":23},"end":{"line":48,"column":3}},"7":{"start":{"line":45,"column":3},"end":{"line":45,"column":47}},"8":{"start":{"line":46,"column":3},"end":{"line":46,"column":29}},"9":{"start":{"line":47,"column":3},"end":{"line":47,"column":34}},"10":{"start":{"line":50,"column":34},"end":{"line":50,"column":140}},"11":{"start":{"line":52,"column":2},"end":{"line":52,"column":30}},"12":{"start":{"line":54,"column":2},"end":{"line":54,"column":21}},"13":{"start":{"line":58,"column":21},"end":{"line":58,"column":54}},"14":{"start":{"line":59,"column":20},"end":{"line":59,"column":52}},"15":{"start":{"line":61,"column":23},"end":{"line":65,"column":3}},"16":{"start":{"line":62,"column":3},"end":{"line":62,"column":47}},"17":{"start":{"line":63,"column":3},"end":{"line":63,"column":29}},"18":{"start":{"line":64,"column":3},"end":{"line":64,"column":34}},"19":{"start":{"line":67,"column":34},"end":{"line":67,"column":139}},"20":{"start":{"line":69,"column":2},"end":{"line":69,"column":30}},"21":{"start":{"line":71,"column":2},"end":{"line":71,"column":21}},"22":{"start":{"line":74,"column":20},"end":{"line":74,"column":121}},"23":{"start":{"line":74,"column":75},"end":{"line":74,"column":121}},"24":{"start":{"line":76,"column":20},"end":{"line":76,"column":110}},"25":{"start":{"line":76,"column":62},"end":{"line":76,"column":110}},"26":{"start":{"line":78,"column":19},"end":{"line":78,"column":119}},"27":{"start":{"line":78,"column":74},"end":{"line":78,"column":119}},"28":{"start":{"line":80,"column":22},"end":{"line":80,"column":133}},"29":{"start":{"line":80,"column":77},"end":{"line":80,"column":133}},"30":{"start":{"line":82,"column":20},"end":{"line":82,"column":119}},"31":{"start":{"line":82,"column":73},"end":{"line":82,"column":119}},"32":{"start":{"line":84,"column":21},"end":{"line":84,"column":123}},"33":{"start":{"line":84,"column":76},"end":{"line":84,"column":123}},"34":{"start":{"line":86,"column":22},"end":{"line":86,"column":125}},"35":{"start":{"line":86,"column":77},"end":{"line":86,"column":125}},"36":{"start":{"line":88,"column":21},"end":{"line":88,"column":129}},"37":{"start":{"line":88,"column":76},"end":{"line":88,"column":129}},"38":{"start":{"line":90,"column":23},"end":{"line":90,"column":133}},"39":{"start":{"line":90,"column":78},"end":{"line":90,"column":133}},"40":{"start":{"line":92,"column":19},"end":{"line":92,"column":120}},"41":{"start":{"line":92,"column":75},"end":{"line":92,"column":120}},"42":{"start":{"line":95,"column":2},"end":{"line":98,"column":3}},"43":{"start":{"line":96,"column":22},"end":{"line":96,"column":55}},"44":{"start":{"line":97,"column":3},"end":{"line":97,"column":39}},"45":{"start":{"line":101,"column":24},"end":{"line":101,"column":44}}},"fnMap":{"0":{"name":"(anonymous_0)","decl":{"start":{"line":22,"column":1},"end":{"line":22,"column":2}},"loc":{"start":{"line":28,"column":3},"end":{"line":30,"column":2}},"line":28},"1":{"name":"(anonymous_1)","decl":{"start":{"line":32,"column":1},"end":{"line":32,"column":2}},"loc":{"start":{"line":32,"column":42},"end":{"line":37,"column":2}},"line":32},"2":{"name":"(anonymous_2)","decl":{"start":{"line":40,"column":1},"end":{"line":40,"column":2}},"loc":{"start":{"line":40,"column":134},"end":{"line":55,"column":2}},"line":40},"3":{"name":"(anonymous_3)","decl":{"start":{"line":44,"column":23},"end":{"line":44,"column":24}},"loc":{"start":{"line":44,"column":44},"end":{"line":48,"column":3}},"line":44},"4":{"name":"(anonymous_4)","decl":{"start":{"line":57,"column":1},"end":{"line":57,"column":2}},"loc":{"start":{"line":57,"column":158},"end":{"line":72,"column":2}},"line":57},"5":{"name":"(anonymous_5)","decl":{"start":{"line":61,"column":23},"end":{"line":61,"column":24}},"loc":{"start":{"line":61,"column":44},"end":{"line":65,"column":3}},"line":61},"6":{"name":"(anonymous_6)","decl":{"start":{"line":74,"column":20},"end":{"line":74,"column":21}},"loc":{"start":{"line":74,"column":75},"end":{"line":74,"column":121}},"line":74},"7":{"name":"(anonymous_7)","decl":{"start":{"line":76,"column":20},"end":{"line":76,"column":21}},"loc":{"start":{"line":76,"column":62},"end":{"line":76,"column":110}},"line":76},"8":{"name":"(anonymous_8)","decl":{"start":{"line":78,"column":19},"end":{"line":78,"column":20}},"loc":{"start":{"line":78,"column":74},"end":{"line":78,"column":119}},"line":78},"9":{"name":"(anonymous_9)","decl":{"start":{"line":80,"column":22},"end":{"line":80,"column":23}},"loc":{"start":{"line":80,"column":77},"end":{"line":80,"column":133}},"line":80},"10":{"name":"(anonymous_10)","decl":{"start":{"line":82,"column":20},"end":{"line":82,"column":21}},"loc":{"start":{"line":82,"column":73},"end":{"line":82,"column":119}},"line":82},"11":{"name":"(anonymous_11)","decl":{"start":{"line":84,"column":21},"end":{"line":84,"column":22}},"loc":{"start":{"line":84,"column":76},"end":{"line":84,"column":123}},"line":84},"12":{"name":"(anonymous_12)","decl":{"start":{"line":86,"column":22},"end":{"line":86,"column":23}},"loc":{"start":{"line":86,"column":77},"end":{"line":86,"column":125}},"line":86},"13":{"name":"(anonymous_13)","decl":{"start":{"line":88,"column":21},"end":{"line":88,"column":22}},"loc":{"start":{"line":88,"column":76},"end":{"line":88,"column":129}},"line":88},"14":{"name":"(anonymous_14)","decl":{"start":{"line":90,"column":23},"end":{"line":90,"column":24}},"loc":{"start":{"line":90,"column":78},"end":{"line":90,"column":133}},"line":90},"15":{"name":"(anonymous_15)","decl":{"start":{"line":92,"column":19},"end":{"line":92,"column":20}},"loc":{"start":{"line":92,"column":75},"end":{"line":92,"column":120}},"line":92},"16":{"name":"(anonymous_16)","decl":{"start":{"line":94,"column":1},"end":{"line":94,"column":2}},"loc":{"start":{"line":94,"column":19},"end":{"line":99,"column":2}},"line":94},"17":{"name":"(anonymous_17)","decl":{"start":{"line":101,"column":1},"end":{"line":101,"column":2}},"loc":{"start":{"line":101,"column":22},"end":{"line":101,"column":46}},"line":101}},"branchMap":{"0":{"loc":{"start":{"line":34,"column":2},"end":{"line":36,"column":47}},"type":"if","locations":[{"start":{"line":34,"column":2},"end":{"line":36,"column":47}},{"start":{"line":36,"column":7},"end":{"line":36,"column":47}}],"line":34},"1":{"loc":{"start":{"line":36,"column":23},"end":{"line":36,"column":47}},"type":"binary-expr","locations":[{"start":{"line":36,"column":23},"end":{"line":36,"column":36}},{"start":{"line":36,"column":40},"end":{"line":36,"column":47}}],"line":36},"2":{"loc":{"start":{"line":95,"column":2},"end":{"line":98,"column":3}},"type":"if","locations":[{"start":{"line":95,"column":2},"end":{"line":98,"column":3}},{"start":{},"end":{}}],"line":95}},"s":{"0":0,"1":0,"2":0,"3":0,"4":0,"5":0,"6":0,"7":0,"8":0,"9":0,"10":0,"11":0,"12":0,"13":0,"14":0,"15":0,"16":0,"17":0,"18":0,"19":0,"20":0,"21":0,"22":0,"23":0,"24":0,"25":0,"26":0,"27":0,"28":0,"29":0,"30":0,"31":0,"32":0,"33":0,"34":0,"35":0,"36":0,"37":0,"38":0,"39":0,"40":0,"41":0,"42":0,"43":0,"44":0,"45":0},"f":{"0":0,"1":0,"2":0,"3":0,"4":0,"5":0,"6":0,"7":0,"8":0,"9":0,"10":0,"11":0,"12":0,"13":0,"14":0,"15":0,"16":0,"17":0},"b":{"0":[0,0],"1":[0,0],"2":[0,0]},"_coverageSchema":"1a1c01bbd47fc00a2c39e90264f33305004495a9","hash":"81146ae7f2adb491034dec858d7464fd75c14f52"}
,"C:\\source\\git\\react-forms\\src\\hooks\\FormBuilderInputs.tsx": {"path":"C:\\source\\git\\react-forms\\src\\hooks\\FormBuilderInputs.tsx","statementMap":{"0":{"start":{"line":27,"column":24},"end":{"line":27,"column":113}},"1":{"start":{"line":29,"column":1},"end":{"line":32,"column":2}},"2":{"start":{"line":44,"column":26},"end":{"line":44,"column":115}},"3":{"start":{"line":46,"column":23},"end":{"line":46,"column":94}},"4":{"start":{"line":48,"column":1},"end":{"line":51,"column":2}},"5":{"start":{"line":62,"column":26},"end":{"line":62,"column":112}},"6":{"start":{"line":64,"column":23},"end":{"line":64,"column":91}},"7":{"start":{"line":66,"column":1},"end":{"line":69,"column":2}},"8":{"start":{"line":80,"column":26},"end":{"line":80,"column":112}},"9":{"start":{"line":82,"column":23},"end":{"line":82,"column":91}},"10":{"start":{"line":84,"column":1},"end":{"line":87,"column":2}},"11":{"start":{"line":98,"column":18},"end":{"line":98,"column":43}},"12":{"start":{"line":99,"column":20},"end":{"line":99,"column":39}},"13":{"start":{"line":102,"column":12},"end":{"line":102,"column":37}},"14":{"start":{"line":105,"column":21},"end":{"line":105,"column":30}},"15":{"start":{"line":106,"column":1},"end":{"line":107,"column":103}},"16":{"start":{"line":106,"column":41},"end":{"line":106,"column":63}},"17":{"start":{"line":107,"column":6},"end":{"line":107,"column":103}},"18":{"start":{"line":107,"column":48},"end":{"line":107,"column":103}},"19":{"start":{"line":110,"column":16},"end":{"line":110,"column":21}},"20":{"start":{"line":111,"column":1},"end":{"line":112,"column":116}},"21":{"start":{"line":111,"column":47},"end":{"line":111,"column":77}},"22":{"start":{"line":112,"column":6},"end":{"line":112,"column":116}},"23":{"start":{"line":112,"column":53},"end":{"line":112,"column":116}},"24":{"start":{"line":114,"column":20},"end":{"line":114,"column":77}},"25":{"start":{"line":115,"column":18},"end":{"line":115,"column":73}},"26":{"start":{"line":116,"column":16},"end":{"line":116,"column":69}},"27":{"start":{"line":118,"column":15},"end":{"line":118,"column":28}},"28":{"start":{"line":123,"column":1},"end":{"line":126,"column":2}},"29":{"start":{"line":125,"column":2},"end":{"line":125,"column":19}},"30":{"start":{"line":128,"column":18},"end":{"line":145,"column":2}},"31":{"start":{"line":130,"column":28},"end":{"line":130,"column":48}},"32":{"start":{"line":133,"column":2},"end":{"line":144,"column":3}},"33":{"start":{"line":134,"column":3},"end":{"line":134,"column":9}},"34":{"start":{"line":137,"column":3},"end":{"line":137,"column":42}},"35":{"start":{"line":139,"column":3},"end":{"line":141,"column":4}},"36":{"start":{"line":140,"column":4},"end":{"line":140,"column":74}},"37":{"start":{"line":143,"column":3},"end":{"line":143,"column":25}},"38":{"start":{"line":147,"column":35},"end":{"line":147,"column":128}},"39":{"start":{"line":149,"column":1},"end":{"line":149,"column":24}},"40":{"start":{"line":159,"column":18},"end":{"line":159,"column":43}},"41":{"start":{"line":160,"column":20},"end":{"line":160,"column":39}},"42":{"start":{"line":162,"column":50},"end":{"line":162,"column":52}},"43":{"start":{"line":164,"column":1},"end":{"line":171,"column":2}},"44":{"start":{"line":165,"column":2},"end":{"line":170,"column":3}},"45":{"start":{"line":166,"column":3},"end":{"line":166,"column":41}},"46":{"start":{"line":168,"column":7},"end":{"line":170,"column":3}},"47":{"start":{"line":169,"column":3},"end":{"line":169,"column":74}},"48":{"start":{"line":173,"column":1},"end":{"line":173,"column":21}}},"fnMap":{"0":{"name":"createStandardInput","decl":{"start":{"line":18,"column":16},"end":{"line":18,"column":35}},"loc":{"start":{"line":25,"column":26},"end":{"line":33,"column":1}},"line":25},"1":{"name":"createOptionInput","decl":{"start":{"line":35,"column":16},"end":{"line":35,"column":33}},"loc":{"start":{"line":42,"column":26},"end":{"line":52,"column":1}},"line":42},"2":{"name":"createTextSelect","decl":{"start":{"line":54,"column":16},"end":{"line":54,"column":32}},"loc":{"start":{"line":60,"column":26},"end":{"line":70,"column":1}},"line":60},"3":{"name":"createNumberSelect","decl":{"start":{"line":72,"column":16},"end":{"line":72,"column":34}},"loc":{"start":{"line":78,"column":26},"end":{"line":88,"column":1}},"line":78},"4":{"name":"getInputProps","decl":{"start":{"line":90,"column":9},"end":{"line":90,"column":22}},"loc":{"start":{"line":96,"column":33},"end":{"line":150,"column":1}},"line":96},"5":{"name":"(anonymous_5)","decl":{"start":{"line":128,"column":18},"end":{"line":128,"column":19}},"loc":{"start":{"line":128,"column":52},"end":{"line":145,"column":2}},"line":128},"6":{"name":"getSelectOptions","decl":{"start":{"line":153,"column":9},"end":{"line":153,"column":25}},"loc":{"start":{"line":157,"column":31},"end":{"line":174,"column":1}},"line":157}},"branchMap":{"0":{"loc":{"start":{"line":102,"column":12},"end":{"line":102,"column":37}},"type":"binary-expr","locations":[{"start":{"line":102,"column":12},"end":{"line":102,"column":24}},{"start":{"line":102,"column":28},"end":{"line":102,"column":37}}],"line":102},"1":{"loc":{"start":{"line":106,"column":1},"end":{"line":107,"column":103}},"type":"if","locations":[{"start":{"line":106,"column":1},"end":{"line":107,"column":103}},{"start":{"line":107,"column":6},"end":{"line":107,"column":103}}],"line":106},"2":{"loc":{"start":{"line":107,"column":6},"end":{"line":107,"column":103}},"type":"if","locations":[{"start":{"line":107,"column":6},"end":{"line":107,"column":103}},{"start":{},"end":{}}],"line":107},"3":{"loc":{"start":{"line":111,"column":1},"end":{"line":112,"column":116}},"type":"if","locations":[{"start":{"line":111,"column":1},"end":{"line":112,"column":116}},{"start":{"line":112,"column":6},"end":{"line":112,"column":116}}],"line":111},"4":{"loc":{"start":{"line":112,"column":6},"end":{"line":112,"column":116}},"type":"if","locations":[{"start":{"line":112,"column":6},"end":{"line":112,"column":116}},{"start":{},"end":{}}],"line":112},"5":{"loc":{"start":{"line":123,"column":1},"end":{"line":126,"column":2}},"type":"if","locations":[{"start":{"line":123,"column":1},"end":{"line":126,"column":2}},{"start":{"line":124,"column":6},"end":{"line":126,"column":2}}],"line":123},"6":{"loc":{"start":{"line":123,"column":5},"end":{"line":123,"column":102}},"type":"binary-expr","locations":[{"start":{"line":123,"column":5},"end":{"line":123,"column":34}},{"start":{"line":123,"column":38},"end":{"line":123,"column":72}},{"start":{"line":123,"column":76},"end":{"line":123,"column":102}}],"line":123},"7":{"loc":{"start":{"line":133,"column":2},"end":{"line":144,"column":3}},"type":"if","locations":[{"start":{"line":133,"column":2},"end":{"line":144,"column":3}},{"start":{"line":136,"column":7},"end":{"line":144,"column":3}}],"line":133},"8":{"loc":{"start":{"line":139,"column":3},"end":{"line":141,"column":4}},"type":"if","locations":[{"start":{"line":139,"column":3},"end":{"line":141,"column":4}},{"start":{},"end":{}}],"line":139},"9":{"loc":{"start":{"line":164,"column":1},"end":{"line":171,"column":2}},"type":"if","locations":[{"start":{"line":164,"column":1},"end":{"line":171,"column":2}},{"start":{},"end":{}}],"line":164},"10":{"loc":{"start":{"line":165,"column":2},"end":{"line":170,"column":3}},"type":"if","locations":[{"start":{"line":165,"column":2},"end":{"line":170,"column":3}},{"start":{"line":168,"column":7},"end":{"line":170,"column":3}}],"line":165},"11":{"loc":{"start":{"line":168,"column":7},"end":{"line":170,"column":3}},"type":"if","locations":[{"start":{"line":168,"column":7},"end":{"line":170,"column":3}},{"start":{},"end":{}}],"line":168}},"s":{"0":0,"1":0,"2":0,"3":0,"4":0,"5":0,"6":0,"7":0,"8":0,"9":0,"10":0,"11":0,"12":0,"13":0,"14":0,"15":0,"16":0,"17":0,"18":0,"19":0,"20":0,"21":0,"22":0,"23":0,"24":0,"25":0,"26":0,"27":0,"28":0,"29":0,"30":0,"31":0,"32":0,"33":0,"34":0,"35":0,"36":0,"37":0,"38":0,"39":0,"40":0,"41":0,"42":0,"43":0,"44":0,"45":0,"46":0,"47":0,"48":0},"f":{"0":0,"1":0,"2":0,"3":0,"4":0,"5":0,"6":0},"b":{"0":[0,0],"1":[0,0],"2":[0,0],"3":[0,0],"4":[0,0],"5":[0,0],"6":[0,0,0],"7":[0,0],"8":[0,0],"9":[0,0],"10":[0,0],"11":[0,0]},"_coverageSchema":"1a1c01bbd47fc00a2c39e90264f33305004495a9","hash":"ee46ed8c048e45d08b4f92d02812207ddd704a8a"}
,"C:\\source\\git\\react-forms\\src\\hooks\\FormBuilderTypes.ts": {"path":"C:\\source\\git\\react-forms\\src\\hooks\\FormBuilderTypes.ts","statementMap":{"0":{"start":{"line":65,"column":1},"end":{"line":65,"column":52}}},"fnMap":{"0":{"name":"initFormState","decl":{"start":{"line":64,"column":16},"end":{"line":64,"column":29}},"loc":{"start":{"line":64,"column":72},"end":{"line":66,"column":1}},"line":64}},"branchMap":{},"s":{"0":0},"f":{"0":0},"b":{},"_coverageSchema":"1a1c01bbd47fc00a2c39e90264f33305004495a9","hash":"b335902c9c28a503aa381a27fdde156121c6d962"}
,"C:\\source\\git\\react-forms\\src\\hooks\\useReactForms.tsx": {"path":"C:\\source\\git\\react-forms\\src\\hooks\\useReactForms.tsx","statementMap":{"0":{"start":{"line":6,"column":33},"end":{"line":6,"column":64}},"1":{"start":{"line":7,"column":35},"end":{"line":7,"column":99}},"2":{"start":{"line":9,"column":21},"end":{"line":9,"column":100}},"3":{"start":{"line":11,"column":1},"end":{"line":11,"column":19}}},"fnMap":{"0":{"name":"useReactForms","decl":{"start":{"line":5,"column":16},"end":{"line":5,"column":29}},"loc":{"start":{"line":5,"column":120},"end":{"line":12,"column":1}},"line":5}},"branchMap":{},"s":{"0":0,"1":0,"2":0,"3":0},"f":{"0":0},"b":{},"_coverageSchema":"1a1c01bbd47fc00a2c39e90264f33305004495a9","hash":"d632a7cde09696fb6790fdffacd1296f49451bb7"}
,"C:\\source\\git\\react-forms\\src\\inputs\\CheckBox.tsx": {"path":"C:\\source\\git\\react-forms\\src\\inputs\\CheckBox.tsx","statementMap":{"0":{"start":{"line":14,"column":2},"end":{"line":14,"column":41}},"1":{"start":{"line":14,"column":9},"end":{"line":14,"column":41}},"2":{"start":{"line":16,"column":19},"end":{"line":16,"column":68}},"3":{"start":{"line":20,"column":36},"end":{"line":20,"column":41}},"4":{"start":{"line":22,"column":1},"end":{"line":28,"column":2}}},"fnMap":{"0":{"name":"CheckBox","decl":{"start":{"line":12,"column":16},"end":{"line":12,"column":24}},"loc":{"start":{"line":12,"column":47},"end":{"line":29,"column":1}},"line":12},"1":{"name":"(anonymous_1)","decl":{"start":{"line":14,"column":2},"end":{"line":14,"column":3}},"loc":{"start":{"line":14,"column":9},"end":{"line":14,"column":41}},"line":14}},"branchMap":{},"s":{"0":15,"1":3,"2":15,"3":15,"4":15},"f":{"0":15,"1":3},"b":{},"_coverageSchema":"1a1c01bbd47fc00a2c39e90264f33305004495a9","hash":"af6bc488d6a82b1929256507839e21b04b6e6ff5"}
,"C:\\source\\git\\react-forms\\src\\inputs\\DateInput.tsx": {"path":"C:\\source\\git\\react-forms\\src\\inputs\\DateInput.tsx","statementMap":{"0":{"start":{"line":14,"column":60},"end":{"line":18,"column":2}},"1":{"start":{"line":15,"column":2},"end":{"line":15,"column":29}},"2":{"start":{"line":16,"column":2},"end":{"line":16,"column":35}},"3":{"start":{"line":17,"column":2},"end":{"line":17,"column":38}},"4":{"start":{"line":20,"column":19},"end":{"line":20,"column":64}},"5":{"start":{"line":24,"column":26},"end":{"line":24,"column":31}},"6":{"start":{"line":26,"column":1},"end":{"line":32,"column":2}}},"fnMap":{"0":{"name":"DateInput","decl":{"start":{"line":13,"column":16},"end":{"line":13,"column":25}},"loc":{"start":{"line":13,"column":49},"end":{"line":33,"column":1}},"line":13},"1":{"name":"(anonymous_1)","decl":{"start":{"line":14,"column":60},"end":{"line":14,"column":61}},"loc":{"start":{"line":14,"column":67},"end":{"line":18,"column":2}},"line":14}},"branchMap":{},"s":{"0":10,"1":0,"2":0,"3":0,"4":10,"5":10,"6":10},"f":{"0":10,"1":0},"b":{},"_coverageSchema":"1a1c01bbd47fc00a2c39e90264f33305004495a9","hash":"4e41e25144f0149fd690f300b6e1fd523641b54b"}
,"C:\\source\\git\\react-forms\\src\\inputs\\ErrorMessage.tsx": {"path":"C:\\source\\git\\react-forms\\src\\inputs\\ErrorMessage.tsx","statementMap":{"0":{"start":{"line":13,"column":19},"end":{"line":13,"column":77}},"1":{"start":{"line":16,"column":1},"end":{"line":18,"column":2}}},"fnMap":{"0":{"name":"ErrorMessage","decl":{"start":{"line":10,"column":16},"end":{"line":10,"column":28}},"loc":{"start":{"line":10,"column":55},"end":{"line":19,"column":1}},"line":10}},"branchMap":{"0":{"loc":{"start":{"line":17,"column":31},"end":{"line":17,"column":56}},"type":"binary-expr","locations":[{"start":{"line":17,"column":31},"end":{"line":17,"column":49}},{"start":{"line":17,"column":53},"end":{"line":17,"column":56}}],"line":17}},"s":{"0":133,"1":133},"f":{"0":133},"b":{"0":[133,121]},"_coverageSchema":"1a1c01bbd47fc00a2c39e90264f33305004495a9","hash":"a8dc09d6665dfcc8de91a310ed86219e911f4205"}
,"C:\\source\\git\\react-forms\\src\\inputs\\InputLabel.tsx": {"path":"C:\\source\\git\\react-forms\\src\\inputs\\InputLabel.tsx","statementMap":{"0":{"start":{"line":13,"column":31},"end":{"line":13,"column":36}},"1":{"start":{"line":16,"column":19},"end":{"line":16,"column":78}},"2":{"start":{"line":19,"column":1},"end":{"line":21,"column":2}}},"fnMap":{"0":{"name":"InputLabel","decl":{"start":{"line":12,"column":16},"end":{"line":12,"column":26}},"loc":{"start":{"line":12,"column":51},"end":{"line":22,"column":1}},"line":12}},"branchMap":{"0":{"loc":{"start":{"line":20,"column":45},"end":{"line":20,"column":57}},"type":"binary-expr","locations":[{"start":{"line":20,"column":45},"end":{"line":20,"column":50}},{"start":{"line":20,"column":54},"end":{"line":20,"column":57}}],"line":20}},"s":{"0":133,"1":133,"2":133},"f":{"0":133},"b":{"0":[133,95]},"_coverageSchema":"1a1c01bbd47fc00a2c39e90264f33305004495a9","hash":"36a8c4b9a468e510b45720f8170b28a8992a0be7"}
,"C:\\source\\git\\react-forms\\src\\inputs\\MaskedInput.tsx": {"path":"C:\\source\\git\\react-forms\\src\\inputs\\MaskedInput.tsx","statementMap":{"0":{"start":{"line":24,"column":14},"end":{"line":24,"column":59}},"1":{"start":{"line":26,"column":21},"end":{"line":26,"column":52}},"2":{"start":{"line":28,"column":60},"end":{"line":31,"column":2}},"3":{"start":{"line":29,"column":2},"end":{"line":29,"column":30}},"4":{"start":{"line":30,"column":2},"end":{"line":30,"column":36}},"5":{"start":{"line":33,"column":19},"end":{"line":33,"column":64}},"6":{"start":{"line":37,"column":49},"end":{"line":37,"column":54}},"7":{"start":{"line":39,"column":1},"end":{"line":45,"column":2}}},"fnMap":{"0":{"name":"MaskedInput","decl":{"start":{"line":22,"column":16},"end":{"line":22,"column":27}},"loc":{"start":{"line":22,"column":53},"end":{"line":46,"column":1}},"line":22},"1":{"name":"(anonymous_1)","decl":{"start":{"line":28,"column":60},"end":{"line":28,"column":61}},"loc":{"start":{"line":28,"column":67},"end":{"line":31,"column":2}},"line":28}},"branchMap":{"0":{"loc":{"start":{"line":26,"column":34},"end":{"line":26,"column":51}},"type":"binary-expr","locations":[{"start":{"line":26,"column":34},"end":{"line":26,"column":45}},{"start":{"line":26,"column":49},"end":{"line":26,"column":51}}],"line":26}},"s":{"0":32,"1":32,"2":32,"3":2,"4":2,"5":32,"6":32,"7":32},"f":{"0":32,"1":2},"b":{"0":[32,21]},"_coverageSchema":"1a1c01bbd47fc00a2c39e90264f33305004495a9","hash":"ca918636b3c3cc26bcd5a782a1f2d6095a532530"}
,"C:\\source\\git\\react-forms\\src\\inputs\\NumberInput.tsx": {"path":"C:\\source\\git\\react-forms\\src\\inputs\\NumberInput.tsx","statementMap":{"0":{"start":{"line":15,"column":2},"end":{"line":15,"column":78}},"1":{"start":{"line":15,"column":9},"end":{"line":15,"column":78}},"2":{"start":{"line":17,"column":19},"end":{"line":17,"column":64}},"3":{"start":{"line":21,"column":49},"end":{"line":21,"column":54}},"4":{"start":{"line":23,"column":1},"end":{"line":29,"column":2}}},"fnMap":{"0":{"name":"NumberInput","decl":{"start":{"line":13,"column":16},"end":{"line":13,"column":27}},"loc":{"start":{"line":13,"column":53},"end":{"line":30,"column":1}},"line":13},"1":{"name":"(anonymous_1)","decl":{"start":{"line":15,"column":2},"end":{"line":15,"column":3}},"loc":{"start":{"line":15,"column":9},"end":{"line":15,"column":78}},"line":15}},"branchMap":{"0":{"loc":{"start":{"line":15,"column":24},"end":{"line":15,"column":77}},"type":"cond-expr","locations":[{"start":{"line":15,"column":48},"end":{"line":15,"column":52}},{"start":{"line":15,"column":55},"end":{"line":15,"column":77}}],"line":15},"1":{"loc":{"start":{"line":26,"column":31},"end":{"line":26,"column":48}},"type":"binary-expr","locations":[{"start":{"line":26,"column":31},"end":{"line":26,"column":42}},{"start":{"line":26,"column":46},"end":{"line":26,"column":48}}],"line":26}},"s":{"0":10,"1":0,"2":10,"3":10,"4":10},"f":{"0":10,"1":0},"b":{"0":[0,0],"1":[10,10]},"_coverageSchema":"1a1c01bbd47fc00a2c39e90264f33305004495a9","hash":"4fdb16c9200f64dc0c87eb7858c0dc2fbd87f404"}
,"C:\\source\\git\\react-forms\\src\\inputs\\NumberRadio.tsx": {"path":"C:\\source\\git\\react-forms\\src\\inputs\\NumberRadio.tsx","statementMap":{"0":{"start":{"line":12,"column":95},"end":{"line":12,"column":100}},"1":{"start":{"line":14,"column":37},"end":{"line":14,"column":54}},"2":{"start":{"line":15,"column":20},"end":{"line":19,"column":2}},"3":{"start":{"line":16,"column":18},"end":{"line":16,"column":35}},"4":{"start":{"line":17,"column":3},"end":{"line":18,"column":24}},"5":{"start":{"line":17,"column":44},"end":{"line":17,"column":64}},"6":{"start":{"line":18,"column":8},"end":{"line":18,"column":24}},"7":{"start":{"line":20,"column":54},"end":{"line":20,"column":138}},"8":{"start":{"line":20,"column":95},"end":{"line":20,"column":135}},"9":{"start":{"line":22,"column":33},"end":{"line":24,"column":2}},"10":{"start":{"line":26,"column":1},"end":{"line":26,"column":36}}},"fnMap":{"0":{"name":"NumberRadio","decl":{"start":{"line":11,"column":16},"end":{"line":11,"column":27}},"loc":{"start":{"line":11,"column":53},"end":{"line":27,"column":1}},"line":11},"1":{"name":"(anonymous_1)","decl":{"start":{"line":15,"column":20},"end":{"line":15,"column":21}},"loc":{"start":{"line":15,"column":50},"end":{"line":19,"column":2}},"line":15},"2":{"name":"(anonymous_2)","decl":{"start":{"line":20,"column":72},"end":{"line":20,"column":73}},"loc":{"start":{"line":20,"column":93},"end":{"line":20,"column":137}},"line":20}},"branchMap":{"0":{"loc":{"start":{"line":17,"column":3},"end":{"line":18,"column":24}},"type":"if","locations":[{"start":{"line":17,"column":3},"end":{"line":18,"column":24}},{"start":{"line":18,"column":8},"end":{"line":18,"column":24}}],"line":17},"1":{"loc":{"start":{"line":17,"column":7},"end":{"line":17,"column":42}},"type":"binary-expr","locations":[{"start":{"line":17,"column":7},"end":{"line":17,"column":25}},{"start":{"line":17,"column":29},"end":{"line":17,"column":42}}],"line":17}},"s":{"0":10,"1":10,"2":10,"3":0,"4":0,"5":0,"6":0,"7":10,"8":30,"9":10,"10":10},"f":{"0":10,"1":0,"2":30},"b":{"0":[0,0],"1":[0,0]},"_coverageSchema":"1a1c01bbd47fc00a2c39e90264f33305004495a9","hash":"83084d72393bcb79a72d6c6c2ce83204c7bc63b1"}
,"C:\\source\\git\\react-forms\\src\\inputs\\NumberSelect.tsx": {"path":"C:\\source\\git\\react-forms\\src\\inputs\\NumberSelect.tsx","statementMap":{"0":{"start":{"line":13,"column":108},"end":{"line":13,"column":113}},"1":{"start":{"line":15,"column":37},"end":{"line":15,"column":54}},"2":{"start":{"line":16,"column":20},"end":{"line":20,"column":2}},"3":{"start":{"line":17,"column":18},"end":{"line":17,"column":35}},"4":{"start":{"line":18,"column":3},"end":{"line":19,"column":24}},"5":{"start":{"line":18,"column":44},"end":{"line":18,"column":64}},"6":{"start":{"line":19,"column":8},"end":{"line":19,"column":24}},"7":{"start":{"line":21,"column":54},"end":{"line":21,"column":138}},"8":{"start":{"line":21,"column":95},"end":{"line":21,"column":135}},"9":{"start":{"line":23,"column":34},"end":{"line":25,"column":2}},"10":{"start":{"line":27,"column":1},"end":{"line":27,"column":37}}},"fnMap":{"0":{"name":"NumberSelect","decl":{"start":{"line":12,"column":16},"end":{"line":12,"column":28}},"loc":{"start":{"line":12,"column":55},"end":{"line":28,"column":1}},"line":12},"1":{"name":"(anonymous_1)","decl":{"start":{"line":16,"column":20},"end":{"line":16,"column":21}},"loc":{"start":{"line":16,"column":50},"end":{"line":20,"column":2}},"line":16},"2":{"name":"(anonymous_2)","decl":{"start":{"line":21,"column":72},"end":{"line":21,"column":73}},"loc":{"start":{"line":21,"column":93},"end":{"line":21,"column":137}},"line":21}},"branchMap":{"0":{"loc":{"start":{"line":18,"column":3},"end":{"line":19,"column":24}},"type":"if","locations":[{"start":{"line":18,"column":3},"end":{"line":19,"column":24}},{"start":{"line":19,"column":8},"end":{"line":19,"column":24}}],"line":18},"1":{"loc":{"start":{"line":18,"column":7},"end":{"line":18,"column":42}},"type":"binary-expr","locations":[{"start":{"line":18,"column":7},"end":{"line":18,"column":25}},{"start":{"line":18,"column":29},"end":{"line":18,"column":42}}],"line":18}},"s":{"0":10,"1":10,"2":10,"3":0,"4":0,"5":0,"6":0,"7":10,"8":30,"9":10,"10":10},"f":{"0":10,"1":0,"2":30},"b":{"0":[0,0],"1":[0,0]},"_coverageSchema":"1a1c01bbd47fc00a2c39e90264f33305004495a9","hash":"f8d69decad81311eb2048039956c0325b126d367"}
,"C:\\source\\git\\react-forms\\src\\inputs\\PhoneNumber.tsx": {"path":"C:\\source\\git\\react-forms\\src\\inputs\\PhoneNumber.tsx","statementMap":{"0":{"start":{"line":11,"column":22},"end":{"line":11,"column":99}},"1":{"start":{"line":11,"column":48},"end":{"line":11,"column":99}},"2":{"start":{"line":13,"column":1},"end":{"line":15,"column":2}}},"fnMap":{"0":{"name":"PhoneNumber","decl":{"start":{"line":10,"column":16},"end":{"line":10,"column":27}},"loc":{"start":{"line":10,"column":53},"end":{"line":16,"column":1}},"line":10},"1":{"name":"(anonymous_1)","decl":{"start":{"line":11,"column":22},"end":{"line":11,"column":23}},"loc":{"start":{"line":11,"column":48},"end":{"line":11,"column":99}},"line":11}},"branchMap":{"0":{"loc":{"start":{"line":11,"column":63},"end":{"line":11,"column":98}},"type":"cond-expr","locations":[{"start":{"line":11,"column":78},"end":{"line":11,"column":82}},{"start":{"line":11,"column":85},"end":{"line":11,"column":98}}],"line":11},"1":{"loc":{"start":{"line":14,"column":44},"end":{"line":14,"column":73}},"type":"binary-expr","locations":[{"start":{"line":14,"column":44},"end":{"line":14,"column":67}},{"start":{"line":14,"column":71},"end":{"line":14,"column":73}}],"line":14}},"s":{"0":10,"1":0,"2":10},"f":{"0":10,"1":0},"b":{"0":[0,0],"1":[10,10]},"_coverageSchema":"1a1c01bbd47fc00a2c39e90264f33305004495a9","hash":"fad061ae83a3ea77566fdc0c53eb690f97250462"}
,"C:\\source\\git\\react-forms\\src\\inputs\\PostalCode.tsx": {"path":"C:\\source\\git\\react-forms\\src\\inputs\\PostalCode.tsx","statementMap":{"0":{"start":{"line":12,"column":22},"end":{"line":12,"column":86}},"1":{"start":{"line":12,"column":46},"end":{"line":12,"column":86}},"2":{"start":{"line":14,"column":1},"end":{"line":16,"column":2}}},"fnMap":{"0":{"name":"PostalCode","decl":{"start":{"line":10,"column":16},"end":{"line":10,"column":26}},"loc":{"start":{"line":10,"column":51},"end":{"line":17,"column":1}},"line":10},"1":{"name":"(anonymous_1)","decl":{"start":{"line":12,"column":22},"end":{"line":12,"column":23}},"loc":{"start":{"line":12,"column":46},"end":{"line":12,"column":86}},"line":12}},"branchMap":{"0":{"loc":{"start":{"line":12,"column":61},"end":{"line":12,"column":85}},"type":"binary-expr","locations":[{"start":{"line":12,"column":61},"end":{"line":12,"column":79}},{"start":{"line":12,"column":83},"end":{"line":12,"column":85}}],"line":12},"1":{"loc":{"start":{"line":15,"column":34},"end":{"line":15,"column":63}},"type":"binary-expr","locations":[{"start":{"line":15,"column":34},"end":{"line":15,"column":57}},{"start":{"line":15,"column":61},"end":{"line":15,"column":63}}],"line":15}},"s":{"0":11,"1":1,"2":11},"f":{"0":11,"1":1},"b":{"0":[1,0],"1":[11,11]},"_coverageSchema":"1a1c01bbd47fc00a2c39e90264f33305004495a9","hash":"7c0c25648dee7e02dd0f318b558510683f5f7f60"}
,"C:\\source\\git\\react-forms\\src\\inputs\\TextArea.tsx": {"path":"C:\\source\\git\\react-forms\\src\\inputs\\TextArea.tsx","statementMap":{"0":{"start":{"line":17,"column":2},"end":{"line":17,"column":39}},"1":{"start":{"line":17,"column":9},"end":{"line":17,"column":39}},"2":{"start":{"line":19,"column":19},"end":{"line":19,"column":63}},"3":{"start":{"line":23,"column":61},"end":{"line":23,"column":66}},"4":{"start":{"line":25,"column":1},"end":{"line":31,"column":2}}},"fnMap":{"0":{"name":"TextArea","decl":{"start":{"line":15,"column":16},"end":{"line":15,"column":24}},"loc":{"start":{"line":15,"column":47},"end":{"line":32,"column":1}},"line":15},"1":{"name":"(anonymous_1)","decl":{"start":{"line":17,"column":2},"end":{"line":17,"column":3}},"loc":{"start":{"line":17,"column":9},"end":{"line":17,"column":39}},"line":17}},"branchMap":{"0":{"loc":{"start":{"line":28,"column":20},"end":{"line":28,"column":37}},"type":"binary-expr","locations":[{"start":{"line":28,"column":20},"end":{"line":28,"column":31}},{"start":{"line":28,"column":35},"end":{"line":28,"column":37}}],"line":28}},"s":{"0":11,"1":1,"2":11,"3":11,"4":11},"f":{"0":11,"1":1},"b":{"0":[11,0]},"_coverageSchema":"1a1c01bbd47fc00a2c39e90264f33305004495a9","hash":"31f81c9b861ea59abf4b9e9cf7b5c111c38a98fb"}
,"C:\\source\\git\\react-forms\\src\\inputs\\TextInput.tsx": {"path":"C:\\source\\git\\react-forms\\src\\inputs\\TextInput.tsx","statementMap":{"0":{"start":{"line":15,"column":2},"end":{"line":15,"column":39}},"1":{"start":{"line":15,"column":9},"end":{"line":15,"column":39}},"2":{"start":{"line":17,"column":19},"end":{"line":17,"column":64}},"3":{"start":{"line":21,"column":49},"end":{"line":21,"column":54}},"4":{"start":{"line":23,"column":1},"end":{"line":29,"column":2}}},"fnMap":{"0":{"name":"TextInput","decl":{"start":{"line":13,"column":16},"end":{"line":13,"column":25}},"loc":{"start":{"line":13,"column":49},"end":{"line":30,"column":1}},"line":13},"1":{"name":"(anonymous_1)","decl":{"start":{"line":15,"column":2},"end":{"line":15,"column":3}},"loc":{"start":{"line":15,"column":9},"end":{"line":15,"column":39}},"line":15}},"branchMap":{"0":{"loc":{"start":{"line":26,"column":17},"end":{"line":26,"column":34}},"type":"binary-expr","locations":[{"start":{"line":26,"column":17},"end":{"line":26,"column":28}},{"start":{"line":26,"column":32},"end":{"line":26,"column":34}}],"line":26}},"s":{"0":11,"1":1,"2":11,"3":11,"4":11},"f":{"0":11,"1":1},"b":{"0":[11,0]},"_coverageSchema":"1a1c01bbd47fc00a2c39e90264f33305004495a9","hash":"7d4284b831adde43257f2d3abc544ea7cf4dd6d6"}
,"C:\\source\\git\\react-forms\\src\\inputs\\TextRadio.tsx": {"path":"C:\\source\\git\\react-forms\\src\\inputs\\TextRadio.tsx","statementMap":{"0":{"start":{"line":15,"column":66},"end":{"line":15,"column":103}},"1":{"start":{"line":15,"column":73},"end":{"line":15,"column":103}},"2":{"start":{"line":17,"column":19},"end":{"line":17,"column":65}},"3":{"start":{"line":19,"column":16},"end":{"line":27,"column":3}},"4":{"start":{"line":20,"column":18},"end":{"line":20,"column":40}},"5":{"start":{"line":21,"column":2},"end":{"line":26,"column":3}},"6":{"start":{"line":29,"column":1},"end":{"line":35,"column":2}}},"fnMap":{"0":{"name":"TextRadio","decl":{"start":{"line":13,"column":16},"end":{"line":13,"column":25}},"loc":{"start":{"line":13,"column":49},"end":{"line":36,"column":1}},"line":13},"1":{"name":"(anonymous_1)","decl":{"start":{"line":15,"column":66},"end":{"line":15,"column":67}},"loc":{"start":{"line":15,"column":73},"end":{"line":15,"column":103}},"line":15},"2":{"name":"(anonymous_2)","decl":{"start":{"line":19,"column":40},"end":{"line":19,"column":41}},"loc":{"start":{"line":19,"column":65},"end":{"line":27,"column":2}},"line":19}},"branchMap":{},"s":{"0":23,"1":3,"2":23,"3":23,"4":69,"5":69,"6":23},"f":{"0":23,"1":3,"2":69},"b":{},"_coverageSchema":"1a1c01bbd47fc00a2c39e90264f33305004495a9","hash":"06b0edc7723a5e1964abf1785d03c3c338d50a51"}
,"C:\\source\\git\\react-forms\\src\\inputs\\TextSelect.tsx": {"path":"C:\\source\\git\\react-forms\\src\\inputs\\TextSelect.tsx","statementMap":{"0":{"start":{"line":15,"column":26},"end":{"line":15,"column":60}},"1":{"start":{"line":19,"column":2},"end":{"line":19,"column":85}},"2":{"start":{"line":19,"column":9},"end":{"line":19,"column":85}},"3":{"start":{"line":21,"column":19},"end":{"line":21,"column":66}},"4":{"start":{"line":25,"column":36},"end":{"line":25,"column":41}},"5":{"start":{"line":27,"column":17},"end":{"line":31,"column":3}},"6":{"start":{"line":28,"column":2},"end":{"line":30,"column":3}},"7":{"start":{"line":33,"column":1},"end":{"line":33,"column":93}},"8":{"start":{"line":35,"column":1},"end":{"line":43,"column":2}}},"fnMap":{"0":{"name":"TextSelect","decl":{"start":{"line":17,"column":16},"end":{"line":17,"column":26}},"loc":{"start":{"line":17,"column":51},"end":{"line":44,"column":1}},"line":17},"1":{"name":"(anonymous_1)","decl":{"start":{"line":19,"column":2},"end":{"line":19,"column":3}},"loc":{"start":{"line":19,"column":9},"end":{"line":19,"column":85}},"line":19},"2":{"name":"(anonymous_2)","decl":{"start":{"line":27,"column":41},"end":{"line":27,"column":42}},"loc":{"start":{"line":27,"column":66},"end":{"line":31,"column":2}},"line":27}},"branchMap":{"0":{"loc":{"start":{"line":19,"column":24},"end":{"line":19,"column":84}},"type":"cond-expr","locations":[{"start":{"line":19,"column":63},"end":{"line":19,"column":67}},{"start":{"line":19,"column":70},"end":{"line":19,"column":84}}],"line":19},"1":{"loc":{"start":{"line":33,"column":59},"end":{"line":33,"column":82}},"type":"binary-expr","locations":[{"start":{"line":33,"column":59},"end":{"line":33,"column":76}},{"start":{"line":33,"column":80},"end":{"line":33,"column":82}}],"line":33},"2":{"loc":{"start":{"line":38,"column":18},"end":{"line":38,"column":35}},"type":"binary-expr","locations":[{"start":{"line":38,"column":18},"end":{"line":38,"column":29}},{"start":{"line":38,"column":33},"end":{"line":38,"column":35}}],"line":38}},"s":{"0":3,"1":21,"2":1,"3":21,"4":21,"5":21,"6":63,"7":21,"8":21},"f":{"0":21,"1":1,"2":63},"b":{"0":[0,1],"1":[21,21],"2":[21,0]},"_coverageSchema":"1a1c01bbd47fc00a2c39e90264f33305004495a9","hash":"5f9bdd71385717b6da049dc513625a618e02cf2f"}
,"C:\\source\\git\\react-forms\\src\\inputs\\inputs.ts": {"path":"C:\\source\\git\\react-forms\\src\\inputs\\inputs.ts","statementMap":{"0":{"start":{"line":33,"column":1},"end":{"line":33,"column":95}}},"fnMap":{"0":{"name":"getInputEnvelopeClass","decl":{"start":{"line":32,"column":16},"end":{"line":32,"column":37}},"loc":{"start":{"line":32,"column":86},"end":{"line":34,"column":1}},"line":32}},"branchMap":{},"s":{"0":133},"f":{"0":133},"b":{},"_coverageSchema":"1a1c01bbd47fc00a2c39e90264f33305004495a9","hash":"aa07d338f4b37be0ae7d9e4796b0d68101fd99c2"}
,"C:\\source\\git\\react-forms\\src\\pages\\ControlTests.tsx": {"path":"C:\\source\\git\\react-forms\\src\\pages\\ControlTests.tsx","statementMap":{"0":{"start":{"line":25,"column":29},"end":{"line":25,"column":53}},"1":{"start":{"line":26,"column":45},"end":{"line":26,"column":80}},"2":{"start":{"line":27,"column":49},"end":{"line":27,"column":84}},"3":{"start":{"line":28,"column":45},"end":{"line":28,"column":78}},"4":{"start":{"line":29,"column":47},"end":{"line":29,"column":82}},"5":{"start":{"line":30,"column":51},"end":{"line":30,"column":86}},"6":{"start":{"line":31,"column":43},"end":{"line":31,"column":79}},"7":{"start":{"line":32,"column":37},"end":{"line":32,"column":72}},"8":{"start":{"line":33,"column":49},"end":{"line":33,"column":84}},"9":{"start":{"line":34,"column":43},"end":{"line":34,"column":78}},"10":{"start":{"line":35,"column":43},"end":{"line":35,"column":78}},"11":{"start":{"line":36,"column":37},"end":{"line":36,"column":72}},"12":{"start":{"line":37,"column":47},"end":{"line":37,"column":82}},"13":{"start":{"line":39,"column":48},"end":{"line":39,"column":69}},"14":{"start":{"line":40,"column":48},"end":{"line":40,"column":69}},"15":{"start":{"line":41,"column":43},"end":{"line":41,"column":64}},"16":{"start":{"line":42,"column":49},"end":{"line":42,"column":70}},"17":{"start":{"line":44,"column":21},"end":{"line":54,"column":2}},"18":{"start":{"line":45,"column":2},"end":{"line":45,"column":23}},"19":{"start":{"line":46,"column":2},"end":{"line":46,"column":27}},"20":{"start":{"line":47,"column":2},"end":{"line":47,"column":26}},"21":{"start":{"line":48,"column":2},"end":{"line":48,"column":28}},"22":{"start":{"line":49,"column":2},"end":{"line":49,"column":25}},"23":{"start":{"line":50,"column":2},"end":{"line":50,"column":24}},"24":{"start":{"line":51,"column":2},"end":{"line":51,"column":21}},"25":{"start":{"line":52,"column":2},"end":{"line":52,"column":27}},"26":{"start":{"line":53,"column":2},"end":{"line":53,"column":22}},"27":{"start":{"line":56,"column":26},"end":{"line":63,"column":2}},"28":{"start":{"line":65,"column":40},"end":{"line":72,"column":2}},"29":{"start":{"line":67,"column":69},"end":{"line":67,"column":118}},"30":{"start":{"line":68,"column":68},"end":{"line":68,"column":105}},"31":{"start":{"line":69,"column":69},"end":{"line":69,"column":101}},"32":{"start":{"line":70,"column":70},"end":{"line":70,"column":107}},"33":{"start":{"line":71,"column":71},"end":{"line":71,"column":109}},"34":{"start":{"line":74,"column":26},"end":{"line":79,"column":2}},"35":{"start":{"line":81,"column":56},"end":{"line":85,"column":2}},"36":{"start":{"line":87,"column":58},"end":{"line":91,"column":2}},"37":{"start":{"line":93,"column":1},"end":{"line":230,"column":2}},"38":{"start":{"line":221,"column":71},"end":{"line":221,"column":104}},"39":{"start":{"line":224,"column":67},"end":{"line":224,"column":98}},"40":{"start":{"line":234,"column":14},"end":{"line":234,"column":61}},"41":{"start":{"line":236,"column":1},"end":{"line":236,"column":45}},"42":{"start":{"line":236,"column":19},"end":{"line":236,"column":45}},"43":{"start":{"line":238,"column":1},"end":{"line":238,"column":14}}},"fnMap":{"0":{"name":"ControlTests","decl":{"start":{"line":23,"column":9},"end":{"line":23,"column":21}},"loc":{"start":{"line":23,"column":24},"end":{"line":231,"column":1}},"line":23},"1":{"name":"(anonymous_1)","decl":{"start":{"line":44,"column":21},"end":{"line":44,"column":22}},"loc":{"start":{"line":44,"column":27},"end":{"line":54,"column":2}},"line":44},"2":{"name":"(anonymous_2)","decl":{"start":{"line":67,"column":63},"end":{"line":67,"column":64}},"loc":{"start":{"line":67,"column":69},"end":{"line":67,"column":118}},"line":67},"3":{"name":"(anonymous_3)","decl":{"start":{"line":68,"column":62},"end":{"line":68,"column":63}},"loc":{"start":{"line":68,"column":68},"end":{"line":68,"column":105}},"line":68},"4":{"name":"(anonymous_4)","decl":{"start":{"line":69,"column":63},"end":{"line":69,"column":64}},"loc":{"start":{"line":69,"column":69},"end":{"line":69,"column":101}},"line":69},"5":{"name":"(anonymous_5)","decl":{"start":{"line":70,"column":64},"end":{"line":70,"column":65}},"loc":{"start":{"line":70,"column":70},"end":{"line":70,"column":107}},"line":70},"6":{"name":"(anonymous_6)","decl":{"start":{"line":71,"column":65},"end":{"line":71,"column":66}},"loc":{"start":{"line":71,"column":71},"end":{"line":71,"column":109}},"line":71},"7":{"name":"(anonymous_7)","decl":{"start":{"line":221,"column":65},"end":{"line":221,"column":66}},"loc":{"start":{"line":221,"column":71},"end":{"line":221,"column":104}},"line":221},"8":{"name":"(anonymous_8)","decl":{"start":{"line":224,"column":61},"end":{"line":224,"column":62}},"loc":{"start":{"line":224,"column":67},"end":{"line":224,"column":98}},"line":224},"9":{"name":"nullableValueMessage","decl":{"start":{"line":233,"column":9},"end":{"line":233,"column":29}},"loc":{"start":{"line":233,"column":40},"end":{"line":239,"column":1}},"line":233}},"branchMap":{"0":{"loc":{"start":{"line":67,"column":79},"end":{"line":67,"column":117}},"type":"cond-expr","locations":[{"start":{"line":67,"column":100},"end":{"line":67,"column":107}},{"start":{"line":67,"column":110},"end":{"line":67,"column":117}}],"line":67},"1":{"loc":{"start":{"line":75,"column":16},"end":{"line":75,"column":81}},"type":"cond-expr","locations":[{"start":{"line":75,"column":37},"end":{"line":75,"column":69}},{"start":{"line":75,"column":72},"end":{"line":75,"column":81}}],"line":75},"2":{"loc":{"start":{"line":236,"column":1},"end":{"line":236,"column":45}},"type":"if","locations":[{"start":{"line":236,"column":1},"end":{"line":236,"column":45}},{"start":{},"end":{}}],"line":236}},"s":{"0":0,"1":0,"2":0,"3":0,"4":0,"5":0,"6":0,"7":0,"8":0,"9":0,"10":0,"11":0,"12":0,"13":0,"14":0,"15":0,"16":0,"17":0,"18":0,"19":0,"20":0,"21":0,"22":0,"23":0,"24":0,"25":0,"26":0,"27":0,"28":0,"29":0,"30":0,"31":0,"32":0,"33":0,"34":0,"35":0,"36":0,"37":0,"38":0,"39":0,"40":0,"41":0,"42":0,"43":0},"f":{"0":0,"1":0,"2":0,"3":0,"4":0,"5":0,"6":0,"7":0,"8":0,"9":0},"b":{"0":[0,0],"1":[0,0],"2":[0,0]},"_coverageSchema":"1a1c01bbd47fc00a2c39e90264f33305004495a9","hash":"d83e69344bd133b4ec7c2e47017a07dd4bac5235"}
,"C:\\source\\git\\react-forms\\src\\pages\\FormTests.tsx": {"path":"C:\\source\\git\\react-forms\\src\\pages\\FormTests.tsx","statementMap":{"0":{"start":{"line":21,"column":53},"end":{"line":34,"column":1}},"1":{"start":{"line":37,"column":30},"end":{"line":37,"column":44}},"2":{"start":{"line":39,"column":17},"end":{"line":45,"column":1}},"3":{"start":{"line":40,"column":15},"end":{"line":43,"column":14}},"4":{"start":{"line":41,"column":2},"end":{"line":41,"column":32}},"5":{"start":{"line":42,"column":2},"end":{"line":42,"column":16}},"6":{"start":{"line":44,"column":1},"end":{"line":44,"column":15}},"7":{"start":{"line":48,"column":12},"end":{"line":48,"column":59}},"8":{"start":{"line":50,"column":1},"end":{"line":114,"column":2}}},"fnMap":{"0":{"name":"(anonymous_0)","decl":{"start":{"line":39,"column":17},"end":{"line":39,"column":18}},"loc":{"start":{"line":39,"column":31},"end":{"line":45,"column":1}},"line":39},"1":{"name":"(anonymous_1)","decl":{"start":{"line":40,"column":39},"end":{"line":40,"column":40}},"loc":{"start":{"line":40,"column":57},"end":{"line":43,"column":2}},"line":40},"2":{"name":"FormTests","decl":{"start":{"line":47,"column":16},"end":{"line":47,"column":25}},"loc":{"start":{"line":47,"column":28},"end":{"line":115,"column":1}},"line":47}},"branchMap":{},"s":{"0":1,"1":1,"2":1,"3":0,"4":0,"5":0,"6":0,"7":0,"8":0},"f":{"0":0,"1":0,"2":0},"b":{},"_coverageSchema":"1a1c01bbd47fc00a2c39e90264f33305004495a9","hash":"b09e2fe04277bb3d4f31276c4b895fc9e0865403"}
,"C:\\source\\git\\react-forms\\src\\pages\\Home.tsx": {"path":"C:\\source\\git\\react-forms\\src\\pages\\Home.tsx","statementMap":{"0":{"start":{"line":3,"column":20},"end":{"line":8,"column":1}},"1":{"start":{"line":4,"column":1},"end":{"line":7,"column":4}}},"fnMap":{"0":{"name":"(anonymous_0)","decl":{"start":{"line":3,"column":20},"end":{"line":3,"column":21}},"loc":{"start":{"line":4,"column":1},"end":{"line":7,"column":4}},"line":4}},"branchMap":{},"s":{"0":1,"1":1},"f":{"0":1},"b":{},"_coverageSchema":"1a1c01bbd47fc00a2c39e90264f33305004495a9","hash":"4ae6fe0334e0236c60ad733873298258d2ea8953"}
,"C:\\source\\git\\react-forms\\src\\validation\\validation.ts": {"path":"C:\\source\\git\\react-forms\\src\\validation\\validation.ts","statementMap":{"0":{"start":{"line":8,"column":52},"end":{"line":11,"column":1}},"1":{"start":{"line":9,"column":1},"end":{"line":10,"column":48}},"2":{"start":{"line":9,"column":18},"end":{"line":9,"column":29}},"3":{"start":{"line":10,"column":6},"end":{"line":10,"column":48}},"4":{"start":{"line":13,"column":55},"end":{"line":20,"column":1}},"5":{"start":{"line":14,"column":1},"end":{"line":19,"column":2}},"6":{"start":{"line":15,"column":18},"end":{"line":15,"column":29}},"7":{"start":{"line":16,"column":17},"end":{"line":16,"column":28}},"8":{"start":{"line":17,"column":17},"end":{"line":17,"column":36}},"9":{"start":{"line":18,"column":11},"end":{"line":18,"column":23}},"10":{"start":{"line":22,"column":61},"end":{"line":24,"column":1}},"11":{"start":{"line":23,"column":1},"end":{"line":23,"column":90}},"12":{"start":{"line":23,"column":56},"end":{"line":23,"column":90}},"13":{"start":{"line":26,"column":60},"end":{"line":28,"column":1}},"14":{"start":{"line":27,"column":1},"end":{"line":27,"column":76}},"15":{"start":{"line":27,"column":53},"end":{"line":27,"column":76}}},"fnMap":{"0":{"name":"(anonymous_0)","decl":{"start":{"line":8,"column":52},"end":{"line":8,"column":53}},"loc":{"start":{"line":8,"column":95},"end":{"line":11,"column":1}},"line":8},"1":{"name":"(anonymous_1)","decl":{"start":{"line":13,"column":55},"end":{"line":13,"column":56}},"loc":{"start":{"line":13,"column":98},"end":{"line":20,"column":1}},"line":13},"2":{"name":"(anonymous_2)","decl":{"start":{"line":22,"column":61},"end":{"line":22,"column":62}},"loc":{"start":{"line":22,"column":104},"end":{"line":24,"column":1}},"line":22},"3":{"name":"(anonymous_3)","decl":{"start":{"line":26,"column":60},"end":{"line":26,"column":61}},"loc":{"start":{"line":26,"column":103},"end":{"line":28,"column":1}},"line":26}},"branchMap":{"0":{"loc":{"start":{"line":9,"column":1},"end":{"line":10,"column":48}},"type":"if","locations":[{"start":{"line":9,"column":1},"end":{"line":10,"column":48}},{"start":{"line":10,"column":6},"end":{"line":10,"column":48}}],"line":9},"1":{"loc":{"start":{"line":14,"column":1},"end":{"line":19,"column":2}},"type":"switch","locations":[{"start":{"line":15,"column":2},"end":{"line":15,"column":29}},{"start":{"line":16,"column":2},"end":{"line":16,"column":28}},{"start":{"line":17,"column":2},"end":{"line":17,"column":36}},{"start":{"line":18,"column":2},"end":{"line":18,"column":23}}],"line":14},"2":{"loc":{"start":{"line":23,"column":1},"end":{"line":23,"column":90}},"type":"if","locations":[{"start":{"line":23,"column":1},"end":{"line":23,"column":90}},{"start":{},"end":{}}],"line":23},"3":{"loc":{"start":{"line":27,"column":1},"end":{"line":27,"column":76}},"type":"if","locations":[{"start":{"line":27,"column":1},"end":{"line":27,"column":76}},{"start":{},"end":{}}],"line":27}},"s":{"0":0,"1":0,"2":0,"3":0,"4":0,"5":0,"6":0,"7":0,"8":0,"9":0,"10":0,"11":0,"12":0,"13":0,"14":0,"15":0},"f":{"0":0,"1":0,"2":0,"3":0},"b":{"0":[0,0],"1":[0,0,0,0],"2":[0,0],"3":[0,0]}}
,"C:\\source\\git\\react-forms\\src\\well\\Well.tsx": {"path":"C:\\source\\git\\react-forms\\src\\well\\Well.tsx","statementMap":{"0":{"start":{"line":12,"column":1},"end":{"line":22,"column":2}},"1":{"start":{"line":28,"column":1},"end":{"line":33,"column":2}},"2":{"start":{"line":28,"column":13},"end":{"line":28,"column":24}},"3":{"start":{"line":29,"column":6},"end":{"line":33,"column":2}},"4":{"start":{"line":37,"column":1},"end":{"line":50,"column":2}},"5":{"start":{"line":37,"column":18},"end":{"line":37,"column":29}},"6":{"start":{"line":39,"column":25},"end":{"line":43,"column":4}},"7":{"start":{"line":40,"column":3},"end":{"line":42,"column":9}},"8":{"start":{"line":45,"column":2},"end":{"line":49,"column":3}}},"fnMap":{"0":{"name":"Well","decl":{"start":{"line":11,"column":16},"end":{"line":11,"column":20}},"loc":{"start":{"line":11,"column":39},"end":{"line":23,"column":1}},"line":11},"1":{"name":"WellHeader","decl":{"start":{"line":27,"column":9},"end":{"line":27,"column":19}},"loc":{"start":{"line":27,"column":36},"end":{"line":34,"column":1}},"line":27},"2":{"name":"WellButtons","decl":{"start":{"line":36,"column":9},"end":{"line":36,"column":20}},"loc":{"start":{"line":36,"column":54},"end":{"line":51,"column":1}},"line":36},"3":{"name":"(anonymous_3)","decl":{"start":{"line":39,"column":40},"end":{"line":39,"column":41}},"loc":{"start":{"line":40,"column":3},"end":{"line":42,"column":9}},"line":40}},"branchMap":{"0":{"loc":{"start":{"line":28,"column":1},"end":{"line":33,"column":2}},"type":"if","locations":[{"start":{"line":28,"column":1},"end":{"line":33,"column":2}},{"start":{"line":29,"column":6},"end":{"line":33,"column":2}}],"line":28},"1":{"loc":{"start":{"line":37,"column":1},"end":{"line":50,"column":2}},"type":"if","locations":[{"start":{"line":37,"column":1},"end":{"line":50,"column":2}},{"start":{"line":38,"column":6},"end":{"line":50,"column":2}}],"line":37}},"s":{"0":0,"1":0,"2":0,"3":0,"4":0,"5":0,"6":0,"7":0,"8":0},"f":{"0":0,"1":0,"2":0,"3":0},"b":{"0":[0,0],"1":[0,0]},"_coverageSchema":"1a1c01bbd47fc00a2c39e90264f33305004495a9","hash":"ac1fb3a686d7849ae4aec630265a024af05ffebb"}
}
