TN:
SF:src\App.tsx
FN:11,App
FNF:1
FNH:1
FNDA:1,App
DA:13,1
LF:1
LH:1
BRF:0
BRH:0
end_of_record
TN:
SF:src\index.tsx
FNF:0
FNH:0
DA:7,0
DA:10,0
DA:19,0
LF:3
LH:0
BRF:0
BRH:0
end_of_record
TN:
SF:src\indexExports.ts
FNF:0
FNH:0
LF:0
LH:0
BRF:0
BRH:0
end_of_record
TN:
SF:src\reportWebVitals.ts
FN:3,(anonymous_0)
FN:5,(anonymous_1)
FNF:2
FNH:0
FNDA:0,(anonymous_0)
FNDA:0,(anonymous_1)
DA:3,0
DA:4,0
DA:5,0
DA:6,0
DA:7,0
DA:8,0
DA:9,0
DA:10,0
LF:8
LH:0
BRDA:4,0,0,0
BRDA:4,0,1,0
BRDA:4,1,0,0
BRDA:4,1,1,0
BRF:4
BRH:0
end_of_record
TN:
SF:src\utilities.ts
FN:8,(anonymous_0)
FN:11,iterateObject
FN:12,(anonymous_2)
FNF:3
FNH:1
FNDA:10,(anonymous_0)
FNDA:0,iterateObject
FNDA:0,(anonymous_2)
DA:1,2
DA:8,10
DA:12,0
DA:13,0
LF:4
LH:2
BRDA:8,0,0,10
BRDA:8,0,1,10
BRF:2
BRH:2
end_of_record
TN:
SF:src\button\Button.tsx
FN:16,Button
FNF:1
FNH:0
FNDA:0,Button
DA:17,0
DA:19,0
DA:21,0
LF:3
LH:0
BRDA:17,0,0,0
BRDA:17,0,1,0
BRF:2
BRH:0
end_of_record
TN:
SF:src\header\Header.tsx
FN:10,Header
FNF:1
FNH:1
FNDA:1,Header
DA:11,1
LF:1
LH:1
BRDA:15,0,0,1
BRDA:15,0,1,0
BRF:2
BRH:1
end_of_record
TN:
SF:src\hooks\FormBuilder.ts
FN:22,(anonymous_0)
FN:32,(anonymous_1)
FN:40,(anonymous_2)
FN:44,(anonymous_3)
FN:57,(anonymous_4)
FN:61,(anonymous_5)
FN:74,(anonymous_6)
FN:76,(anonymous_7)
FN:78,(anonymous_8)
FN:80,(anonymous_9)
FN:82,(anonymous_10)
FN:84,(anonymous_11)
FN:86,(anonymous_12)
FN:88,(anonymous_13)
FN:90,(anonymous_14)
FN:92,(anonymous_15)
FN:94,(anonymous_16)
FN:101,(anonymous_17)
FNF:18
FNH:0
FNDA:0,(anonymous_0)
FNDA:0,(anonymous_1)
FNDA:0,(anonymous_2)
FNDA:0,(anonymous_3)
FNDA:0,(anonymous_4)
FNDA:0,(anonymous_5)
FNDA:0,(anonymous_6)
FNDA:0,(anonymous_7)
FNDA:0,(anonymous_8)
FNDA:0,(anonymous_9)
FNDA:0,(anonymous_10)
FNDA:0,(anonymous_11)
FNDA:0,(anonymous_12)
FNDA:0,(anonymous_13)
FNDA:0,(anonymous_14)
FNDA:0,(anonymous_15)
FNDA:0,(anonymous_16)
FNDA:0,(anonymous_17)
DA:29,0
DA:34,0
DA:36,0
DA:41,0
DA:42,0
DA:44,0
DA:45,0
DA:46,0
DA:47,0
DA:50,0
DA:52,0
DA:54,0
DA:58,0
DA:59,0
DA:61,0
DA:62,0
DA:63,0
DA:64,0
DA:67,0
DA:69,0
DA:71,0
DA:74,0
DA:76,0
DA:78,0
DA:80,0
DA:82,0
DA:84,0
DA:86,0
DA:88,0
DA:90,0
DA:92,0
DA:95,0
DA:96,0
DA:97,0
DA:101,0
LF:35
LH:0
BRDA:34,0,0,0
BRDA:34,0,1,0
BRDA:36,1,0,0
BRDA:36,1,1,0
BRDA:95,2,0,0
BRDA:95,2,1,0
BRF:6
BRH:0
end_of_record
TN:
SF:src\hooks\FormBuilderInputs.tsx
FN:18,createStandardInput
FN:35,createOptionInput
FN:54,createTextSelect
FN:72,createNumberSelect
FN:90,getInputProps
FN:128,(anonymous_5)
FN:153,getSelectOptions
FNF:7
FNH:0
FNDA:0,createStandardInput
FNDA:0,createOptionInput
FNDA:0,createTextSelect
FNDA:0,createNumberSelect
FNDA:0,getInputProps
FNDA:0,(anonymous_5)
FNDA:0,getSelectOptions
DA:27,0
DA:29,0
DA:44,0
DA:46,0
DA:48,0
DA:62,0
DA:64,0
DA:66,0
DA:80,0
DA:82,0
DA:84,0
DA:98,0
DA:99,0
DA:102,0
DA:105,0
DA:106,0
DA:107,0
DA:110,0
DA:111,0
DA:112,0
DA:114,0
DA:115,0
DA:116,0
DA:118,0
DA:123,0
DA:125,0
DA:128,0
DA:130,0
DA:133,0
DA:134,0
DA:137,0
DA:139,0
DA:140,0
DA:143,0
DA:147,0
DA:149,0
DA:159,0
DA:160,0
DA:162,0
DA:164,0
DA:165,0
DA:166,0
DA:168,0
DA:169,0
DA:173,0
LF:45
LH:0
BRDA:102,0,0,0
BRDA:102,0,1,0
BRDA:106,1,0,0
BRDA:106,1,1,0
BRDA:107,2,0,0
BRDA:107,2,1,0
BRDA:111,3,0,0
BRDA:111,3,1,0
BRDA:112,4,0,0
BRDA:112,4,1,0
BRDA:123,5,0,0
BRDA:123,5,1,0
BRDA:123,6,0,0
BRDA:123,6,1,0
BRDA:123,6,2,0
BRDA:133,7,0,0
BRDA:133,7,1,0
BRDA:139,8,0,0
BRDA:139,8,1,0
BRDA:164,9,0,0
BRDA:164,9,1,0
BRDA:165,10,0,0
BRDA:165,10,1,0
BRDA:168,11,0,0
BRDA:168,11,1,0
BRF:25
BRH:0
end_of_record
TN:
SF:src\hooks\FormBuilderTypes.ts
FN:64,initFormState
FNF:1
FNH:0
FNDA:0,initFormState
DA:65,0
LF:1
LH:0
BRF:0
BRH:0
end_of_record
TN:
SF:src\hooks\useReactForms.tsx
FN:5,useReactForms
FNF:1
FNH:0
FNDA:0,useReactForms
DA:6,0
DA:7,0
DA:9,0
DA:11,0
LF:4
LH:0
BRF:0
BRH:0
end_of_record
TN:
SF:src\inputs\CheckBox.tsx
FN:12,CheckBox
FN:14,(anonymous_1)
FNF:2
FNH:2
FNDA:15,CheckBox
FNDA:3,(anonymous_1)
DA:14,15
DA:16,15
DA:20,15
DA:22,15
LF:4
LH:4
BRF:0
BRH:0
end_of_record
TN:
SF:src\inputs\DateInput.tsx
FN:13,DateInput
FN:14,(anonymous_1)
FNF:2
FNH:1
FNDA:10,DateInput
FNDA:0,(anonymous_1)
DA:14,10
DA:15,0
DA:16,0
DA:17,0
DA:20,10
DA:24,10
DA:26,10
LF:7
LH:4
BRF:0
BRH:0
end_of_record
TN:
SF:src\inputs\ErrorMessage.tsx
FN:10,ErrorMessage
FNF:1
FNH:1
FNDA:133,ErrorMessage
DA:13,133
DA:16,133
LF:2
LH:2
BRDA:17,0,0,133
BRDA:17,0,1,121
BRF:2
BRH:2
end_of_record
TN:
SF:src\inputs\InputLabel.tsx
FN:12,InputLabel
FNF:1
FNH:1
FNDA:133,InputLabel
DA:13,133
DA:16,133
DA:19,133
LF:3
LH:3
BRDA:20,0,0,133
BRDA:20,0,1,95
BRF:2
BRH:2
end_of_record
TN:
SF:src\inputs\MaskedInput.tsx
FN:22,MaskedInput
FN:28,(anonymous_1)
FNF:2
FNH:2
FNDA:32,MaskedInput
FNDA:2,(anonymous_1)
DA:24,32
DA:26,32
DA:28,32
DA:29,2
DA:30,2
DA:33,32
DA:37,32
DA:39,32
LF:8
LH:8
BRDA:26,0,0,32
BRDA:26,0,1,21
BRF:2
BRH:2
end_of_record
TN:
SF:src\inputs\NumberInput.tsx
FN:13,NumberInput
FN:15,(anonymous_1)
FNF:2
FNH:1
FNDA:10,NumberInput
FNDA:0,(anonymous_1)
DA:15,10
DA:17,10
DA:21,10
DA:23,10
LF:4
LH:4
BRDA:15,0,0,0
BRDA:15,0,1,0
BRDA:26,1,0,10
BRDA:26,1,1,10
BRF:4
BRH:2
end_of_record
TN:
SF:src\inputs\NumberRadio.tsx
FN:11,NumberRadio
FN:15,(anonymous_1)
FN:20,(anonymous_2)
FNF:3
FNH:2
FNDA:10,NumberRadio
FNDA:0,(anonymous_1)
FNDA:30,(anonymous_2)
DA:12,10
DA:14,10
DA:15,10
DA:16,0
DA:17,0
DA:18,0
DA:20,30
DA:22,10
DA:26,10
LF:9
LH:6
BRDA:17,0,0,0
BRDA:17,0,1,0
BRDA:17,1,0,0
BRDA:17,1,1,0
BRF:4
BRH:0
end_of_record
TN:
SF:src\inputs\NumberSelect.tsx
FN:12,NumberSelect
FN:16,(anonymous_1)
FN:21,(anonymous_2)
FNF:3
FNH:2
FNDA:10,NumberSelect
FNDA:0,(anonymous_1)
FNDA:30,(anonymous_2)
DA:13,10
DA:15,10
DA:16,10
DA:17,0
DA:18,0
DA:19,0
DA:21,30
DA:23,10
DA:27,10
LF:9
LH:6
BRDA:18,0,0,0
BRDA:18,0,1,0
BRDA:18,1,0,0
BRDA:18,1,1,0
BRF:4
BRH:0
end_of_record
TN:
SF:src\inputs\PhoneNumber.tsx
FN:10,PhoneNumber
FN:11,(anonymous_1)
FNF:2
FNH:1
FNDA:10,PhoneNumber
FNDA:0,(anonymous_1)
DA:11,10
DA:13,10
LF:2
LH:2
BRDA:11,0,0,0
BRDA:11,0,1,0
BRDA:14,1,0,10
BRDA:14,1,1,10
BRF:4
BRH:2
end_of_record
TN:
SF:src\inputs\PostalCode.tsx
FN:10,PostalCode
FN:12,(anonymous_1)
FNF:2
FNH:2
FNDA:11,PostalCode
FNDA:1,(anonymous_1)
DA:12,11
DA:14,11
LF:2
LH:2
BRDA:12,0,0,1
BRDA:12,0,1,0
BRDA:15,1,0,11
BRDA:15,1,1,11
BRF:4
BRH:3
end_of_record
TN:
SF:src\inputs\TextArea.tsx
FN:15,TextArea
FN:17,(anonymous_1)
FNF:2
FNH:2
FNDA:11,TextArea
FNDA:1,(anonymous_1)
DA:17,11
DA:19,11
DA:23,11
DA:25,11
LF:4
LH:4
BRDA:28,0,0,11
BRDA:28,0,1,0
BRF:2
BRH:1
end_of_record
TN:
SF:src\inputs\TextInput.tsx
FN:13,TextInput
FN:15,(anonymous_1)
FNF:2
FNH:2
FNDA:11,TextInput
FNDA:1,(anonymous_1)
DA:15,11
DA:17,11
DA:21,11
DA:23,11
LF:4
LH:4
BRDA:26,0,0,11
BRDA:26,0,1,0
BRF:2
BRH:1
end_of_record
TN:
SF:src\inputs\TextRadio.tsx
FN:13,TextRadio
FN:15,(anonymous_1)
FN:19,(anonymous_2)
FNF:3
FNH:3
FNDA:23,TextRadio
FNDA:3,(anonymous_1)
FNDA:69,(anonymous_2)
DA:15,23
DA:17,23
DA:19,23
DA:20,69
DA:21,69
DA:29,23
LF:6
LH:6
BRF:0
BRH:0
end_of_record
TN:
SF:src\inputs\TextSelect.tsx
FN:17,TextSelect
FN:19,(anonymous_1)
FN:27,(anonymous_2)
FNF:3
FNH:3
FNDA:21,TextSelect
FNDA:1,(anonymous_1)
FNDA:63,(anonymous_2)
DA:15,3
DA:19,21
DA:21,21
DA:25,21
DA:27,21
DA:28,63
DA:33,21
DA:35,21
LF:8
LH:8
BRDA:19,0,0,0
BRDA:19,0,1,1
BRDA:33,1,0,21
BRDA:33,1,1,21
BRDA:38,2,0,21
BRDA:38,2,1,0
BRF:6
BRH:4
end_of_record
TN:
SF:src\inputs\inputs.ts
FN:32,getInputEnvelopeClass
FNF:1
FNH:1
FNDA:133,getInputEnvelopeClass
DA:33,133
LF:1
LH:1
BRF:0
BRH:0
end_of_record
TN:
SF:src\pages\ControlTests.tsx
FN:23,ControlTests
FN:44,(anonymous_1)
FN:67,(anonymous_2)
FN:68,(anonymous_3)
FN:69,(anonymous_4)
FN:70,(anonymous_5)
FN:71,(anonymous_6)
FN:221,(anonymous_7)
FN:224,(anonymous_8)
FN:233,nullableValueMessage
FNF:10
FNH:0
FNDA:0,ControlTests
FNDA:0,(anonymous_1)
FNDA:0,(anonymous_2)
FNDA:0,(anonymous_3)
FNDA:0,(anonymous_4)
FNDA:0,(anonymous_5)
FNDA:0,(anonymous_6)
FNDA:0,(anonymous_7)
FNDA:0,(anonymous_8)
FNDA:0,nullableValueMessage
DA:25,0
DA:26,0
DA:27,0
DA:28,0
DA:29,0
DA:30,0
DA:31,0
DA:32,0
DA:33,0
DA:34,0
DA:35,0
DA:36,0
DA:37,0
DA:39,0
DA:40,0
DA:41,0
DA:42,0
DA:44,0
DA:45,0
DA:46,0
DA:47,0
DA:48,0
DA:49,0
DA:50,0
DA:51,0
DA:52,0
DA:53,0
DA:56,0
DA:65,0
DA:67,0
DA:68,0
DA:69,0
DA:70,0
DA:71,0
DA:74,0
DA:81,0
DA:87,0
DA:93,0
DA:221,0
DA:224,0
DA:234,0
DA:236,0
DA:238,0
LF:43
LH:0
BRDA:67,0,0,0
BRDA:67,0,1,0
BRDA:75,1,0,0
BRDA:75,1,1,0
BRDA:236,2,0,0
BRDA:236,2,1,0
BRF:6
BRH:0
end_of_record
TN:
SF:src\pages\FormTests.tsx
FN:39,(anonymous_0)
FN:40,(anonymous_1)
FN:47,FormTests
FNF:3
FNH:0
FNDA:0,(anonymous_0)
FNDA:0,(anonymous_1)
FNDA:0,FormTests
DA:21,1
DA:37,1
DA:39,1
DA:40,0
DA:41,0
DA:42,0
DA:44,0
DA:48,0
DA:50,0
LF:9
LH:3
BRF:0
BRH:0
end_of_record
TN:
SF:src\pages\Home.tsx
FN:3,(anonymous_0)
FNF:1
FNH:1
FNDA:1,(anonymous_0)
DA:3,1
DA:4,1
LF:2
LH:2
BRF:0
BRH:0
end_of_record
TN:
SF:src\validation\validation.ts
FN:8,(anonymous_0)
FN:13,(anonymous_1)
FN:22,(anonymous_2)
FN:26,(anonymous_3)
FNF:4
FNH:0
FNDA:0,(anonymous_0)
FNDA:0,(anonymous_1)
FNDA:0,(anonymous_2)
FNDA:0,(anonymous_3)
DA:8,0
DA:9,0
DA:10,0
DA:13,0
DA:14,0
DA:15,0
DA:16,0
DA:17,0
DA:18,0
DA:22,0
DA:23,0
DA:26,0
DA:27,0
LF:13
LH:0
BRDA:9,0,0,0
BRDA:9,0,1,0
BRDA:14,1,0,0
BRDA:14,1,1,0
BRDA:14,1,2,0
BRDA:14,1,3,0
BRDA:23,2,0,0
BRDA:23,2,1,0
BRDA:27,3,0,0
BRDA:27,3,1,0
BRF:10
BRH:0
end_of_record
TN:
SF:src\well\Well.tsx
FN:11,Well
FN:27,WellHeader
FN:36,WellButtons
FN:39,(anonymous_3)
FNF:4
FNH:0
FNDA:0,Well
FNDA:0,WellHeader
FNDA:0,WellButtons
FNDA:0,(anonymous_3)
DA:12,0
DA:28,0
DA:29,0
DA:37,0
DA:39,0
DA:40,0
DA:45,0
LF:7
LH:0
BRDA:28,0,0,0
BRDA:28,0,1,0
BRDA:37,1,0,0
BRDA:37,1,1,0
BRF:4
BRH:0
end_of_record
